\BOOKMARK [0][-]{chapter.1}{Systembeschreibung}{}% 1
\BOOKMARK [1][-]{section.1.1}{funktionale Komponenten}{chapter.1}% 2
\BOOKMARK [1][-]{section.1.2}{Akteure}{chapter.1}% 3
\BOOKMARK [1][-]{section.1.3}{\200}{chapter.1}% 4
\BOOKMARK [0][-]{chapter.2}{Zielhierarchie}{}% 5
\BOOKMARK [1][-]{section.2.1}{Strategisch}{chapter.2}% 6
\BOOKMARK [1][-]{section.2.2}{Taktisch}{chapter.2}% 7
\BOOKMARK [1][-]{section.2.3}{Operational}{chapter.2}% 8
\BOOKMARK [0][-]{chapter.3}{Marktrecherche}{}% 9
\BOOKMARK [0][-]{chapter.4}{Dom\344nenrecherche}{}% 10
\BOOKMARK [1][-]{section.4.1}{Allgemeine Verarbeitungprozess}{chapter.4}% 11
\BOOKMARK [1][-]{section.4.2}{Der Begriff der Attributierung}{chapter.4}% 12
\BOOKMARK [1][-]{section.4.3}{Strukturierungsgrad}{chapter.4}% 13
\BOOKMARK [1][-]{section.4.4}{Anwendungsfelder}{chapter.4}% 14
\BOOKMARK [1][-]{section.4.5}{Nutzungsmerkmale}{chapter.4}% 15
\BOOKMARK [0][-]{chapter.5}{Alleinstellungsmerkmale}{}% 16
\BOOKMARK [0][-]{chapter.6}{Risiken}{}% 17
\BOOKMARK [1][-]{section.6.1}{Architektur}{chapter.6}% 18
\BOOKMARK [0][-]{chapter.7}{Proof of Concepts}{}% 19
\BOOKMARK [1][-]{section.7.1}{Definition}{chapter.7}% 20
\BOOKMARK [2][-]{subsection.7.1.1}{Architektur}{section.7.1}% 21
\BOOKMARK [2][-]{subsection.7.1.2}{Regel-Engine}{section.7.1}% 22
\BOOKMARK [2][-]{subsection.7.1.3}{mobiler Client}{section.7.1}% 23
\BOOKMARK [2][-]{subsection.7.1.4}{technisch: Steuerung \040Dienst}{section.7.1}% 24
\BOOKMARK [2][-]{subsection.7.1.5}{\200}{section.7.1}% 25
\BOOKMARK [1][-]{section.7.2}{Durchf\374hrung}{chapter.7}% 26
\BOOKMARK [0][-]{chapter.8}{Methodischer Rahmen}{}% 27
\BOOKMARK [0][-]{chapter.9}{Prozess}{}% 28
\BOOKMARK [0][-]{chapter.10}{Kommunikationsmodel}{}% 29
\BOOKMARK [1][-]{section.10.1}{Akteure}{chapter.10}% 30
\BOOKMARK [1][-]{section.10.2}{Kommunikationsdiagramm}{chapter.10}% 31
\BOOKMARK [0][-]{chapter.11}{Architekturdiagramm}{}% 32
\BOOKMARK [1][-]{section.11.1}{\334bersicht}{chapter.11}% 33
\BOOKMARK [1][-]{section.11.2}{Verwaltungsdienst}{chapter.11}% 34
\BOOKMARK [1][-]{section.11.3}{Clients}{chapter.11}% 35
\BOOKMARK [2][-]{subsection.11.3.1}{Verwaltung}{section.11.3}% 36
\BOOKMARK [2][-]{subsection.11.3.2}{Fachclient}{section.11.3}% 37
\BOOKMARK [1][-]{section.11.4}{Steuerungsclient}{chapter.11}% 38
\BOOKMARK [1][-]{section.11.5}{Regel-Engine}{chapter.11}% 39
\BOOKMARK [0][-]{chapter.12}{Projektplan}{}% 40
\BOOKMARK [0][-]{chapter.13}{Projektbegr\374ndungen}{}% 41
\BOOKMARK [1][-]{section.13.1}{Implementierung}{chapter.13}% 42
\BOOKMARK [1][-]{section.13.2}{Objektbereich}{chapter.13}% 43
\BOOKMARK [1][-]{section.13.3}{Nutzermodelle}{chapter.13}% 44
\BOOKMARK [1][-]{section.13.4}{Vorgehensmodell}{chapter.13}% 45
\BOOKMARK [0][-]{chapter.14}{Quellen}{}% 46
